<?xml version="1.0" encoding="UTF-8"?>
<testsuite name="RupeeTest" tests="1" skipped="0" failures="0" errors="0" timestamp="2021-01-18T06:07:11" hostname="Sudhiras-MacBook-Pro.local" time="0.018">
  <properties/>
  <testcase name="shouldReturnFalseForTwoDifferentValuedRupees()" classname="RupeeTest" time="0.018"/>
  <system-out><![CDATA[]]></system-out>
  <system-err><![CDATA[]]></system-err>
</testsuite>
