<?xml version="1.0" encoding="UTF-8"?>
<testsuite name="RupeeTest" tests="3" skipped="0" failures="0" errors="0" timestamp="2021-01-18T04:53:11" hostname="Sudhiras-MacBook-Pro.local" time="0.021">
  <properties/>
  <testcase name="comparingObjectWithAnotherObjectOfDifferentProperty()" classname="RupeeTest" time="0.017"/>
  <testcase name="comparingObjectWithItself()" classname="RupeeTest" time="0.001"/>
  <testcase name="comparingObjectWithAnotherObjectOfSameProperty()" classname="RupeeTest" time="0.001"/>
  <system-out><![CDATA[]]></system-out>
  <system-err><![CDATA[]]></system-err>
</testsuite>
