<?xml version="1.0" encoding="UTF-8"?>
<testsuite name="RupeeTest" tests="7" skipped="0" failures="0" errors="0" timestamp="2021-01-19T04:43:00" hostname="Sudhiras-MacBook-Pro.local" time="0.03">
  <properties/>
  <testcase name="shouldReturnNotNull()" classname="RupeeTest" time="0.017"/>
  <testcase name="shouldReturnTrueForTwoEqualValuedRupees()" classname="RupeeTest" time="0.002"/>
  <testcase name="shouldAddRupeesAndReturnFalseIfRupeeNotEqualToGivenRupee()" classname="RupeeTest" time="0.001"/>
  <testcase name="shouldReturnFalseForTwoDifferentValuedRupees()" classname="RupeeTest" time="0.001"/>
  <testcase name="shouldReturnNotSameForTwoDifferentRupees()" classname="RupeeTest" time="0.001"/>
  <testcase name="shouldReturnNotEqualForDifferentObjects()" classname="RupeeTest" time="0.002"/>
  <testcase name="shouldAddRupeesAndReturnTrueIfEqualToGivenRupee()" classname="RupeeTest" time="0.001"/>
  <system-out><![CDATA[]]></system-out>
  <system-err><![CDATA[]]></system-err>
</testsuite>
